Release 14.7 - xst P.20131013 (nt)
Copyright (c) 1995-2013 Xilinx, Inc.  All rights reserved.
--> Parameter TMPDIR set to xst/projnav.tmp


Total REAL time to Xst completion: 0.00 secs
Total CPU time to Xst completion: 0.09 secs
 
--> Parameter xsthdpdir set to xst


Total REAL time to Xst completion: 0.00 secs
Total CPU time to Xst completion: 0.09 secs
 
--> Reading design: alu.prj

TABLE OF CONTENTS
  1) Synthesis Options Summary
  2) HDL Compilation
  3) Design Hierarchy Analysis
  4) HDL Analysis
  5) HDL Synthesis
     5.1) HDL Synthesis Report
  6) Advanced HDL Synthesis
     6.1) Advanced HDL Synthesis Report
  7) Low Level Synthesis
  8) Partition Report
  9) Final Report
	9.1) Device utilization summary
	9.2) Partition Resource Summary
	9.3) TIMING REPORT


=========================================================================
*                      Synthesis Options Summary                        *
=========================================================================
---- Source Parameters
Input File Name                    : "alu.prj"
Input Format                       : mixed
Ignore Synthesis Constraint File   : NO

---- Target Parameters
Output File Name                   : "alu"
Output Format                      : NGC
Target Device                      : xa3s50-4-vqg100

---- Source Options
Top Module Name                    : alu
Automatic FSM Extraction           : YES
FSM Encoding Algorithm             : Auto
Safe Implementation                : No
FSM Style                          : LUT
RAM Extraction                     : Yes
RAM Style                          : Auto
ROM Extraction                     : Yes
Mux Style                          : Auto
Decoder Extraction                 : YES
Priority Encoder Extraction        : Yes
Shift Register Extraction          : YES
Logical Shifter Extraction         : YES
XOR Collapsing                     : YES
ROM Style                          : Auto
Mux Extraction                     : Yes
Resource Sharing                   : YES
Asynchronous To Synchronous        : NO
Multiplier Style                   : Auto
Automatic Register Balancing       : No

---- Target Options
Add IO Buffers                     : YES
Global Maximum Fanout              : 500
Add Generic Clock Buffer(BUFG)     : 8
Register Duplication               : YES
Slice Packing                      : YES
Optimize Instantiated Primitives   : NO
Use Clock Enable                   : Yes
Use Synchronous Set                : Yes
Use Synchronous Reset              : Yes
Pack IO Registers into IOBs        : Auto
Equivalent register Removal        : YES

---- General Options
Optimization Goal                  : Speed
Optimization Effort                : 1
Keep Hierarchy                     : No
Netlist Hierarchy                  : As_Optimized
RTL Output                         : Yes
Global Optimization                : AllClockNets
Read Cores                         : YES
Write Timing Constraints           : NO
Cross Clock Analysis               : NO
Hierarchy Separator                : /
Bus Delimiter                      : <>
Case Specifier                     : Maintain
Slice Utilization Ratio            : 100
BRAM Utilization Ratio             : 100
Verilog 2001                       : YES
Auto BRAM Packing                  : NO
Slice Utilization Ratio Delta      : 5

=========================================================================


=========================================================================
*                          HDL Compilation                              *
=========================================================================
Compiling verilog file "alu.v" in library work
Module <alu> compiled
No errors in compilation
Analysis of file <"alu.prj"> succeeded.
 

=========================================================================
*                     Design Hierarchy Analysis                         *
=========================================================================
Analyzing hierarchy for module <alu> in library <work>.


=========================================================================
*                            HDL Analysis                               *
=========================================================================
Analyzing top module <alu>.
Module <alu> is correct for synthesis.
 

=========================================================================
*                           HDL Synthesis                               *
=========================================================================

Performing bidirectional port resolution...

Synthesizing Unit <alu>.
    Related source file is "alu.v".
WARNING:Xst:646 - Signal <asigned> is assigned but never used. This unconnected signal will be trimmed during the optimization process.
WARNING:Xst:737 - Found 32-bit latch for signal <C>. Latches may be generated from incomplete case or if statements. We do not recommend the use of latches in FPGA/CPLD designs, as they may lead to timing problems.
INFO:Xst:2371 - HDL ADVISOR - Logic functions respectively driving the data and gate enable inputs of this latch share common terms. This situation will potentially lead to setup/hold violations and, as a result, to simulation problems. This situation may come from an incomplete case statement (all selector values are not covered). You should carefully review if it was in your intentions to describe such a latch.
    Found 32-bit addsub for signal <C$addsub0000>.
    Found 32-bit 6-to-1 multiplexer for signal <C$mux0001>.
    Found 32-bit shifter logical right for signal <C$shift0001> created at line 37.
    Summary:
	inferred   1 Adder/Subtractor(s).
	inferred  32 Multiplexer(s).
	inferred   1 Combinational logic shifter(s).
Unit <alu> synthesized.

INFO:Xst:1767 - HDL ADVISOR - Resource sharing has identified that some arithmetic operations in this design can share the same physical resources for reduced device utilization. For improved clock frequency you may try to disable resource sharing.

=========================================================================
HDL Synthesis Report

Macro Statistics
# Adders/Subtractors                                   : 1
 32-bit addsub                                         : 1
# Latches                                              : 1
 32-bit latch                                          : 1
# Multiplexers                                         : 1
 32-bit 6-to-1 multiplexer                             : 1
# Logic shifters                                       : 1
 32-bit shifter logical right                          : 1

=========================================================================

=========================================================================
*                       Advanced HDL Synthesis                          *
=========================================================================


=========================================================================
Advanced HDL Synthesis Report

Macro Statistics
# Adders/Subtractors                                   : 1
 32-bit addsub                                         : 1
# Latches                                              : 1
 32-bit latch                                          : 1
# Multiplexers                                         : 1
 32-bit 6-to-1 multiplexer                             : 1
# Logic shifters                                       : 1
 32-bit shifter logical right                          : 1

=========================================================================

=========================================================================
*                         Low Level Synthesis                           *
=========================================================================

Optimizing unit <alu> ...

Mapping all equations...
Building and optimizing final netlist ...
Found area constraint ratio of 100 (+ 5) on block alu, actual ratio is 26.

Final Macro Processing ...

=========================================================================
Final Register Report

Found no macro
=========================================================================

=========================================================================
*                           Partition Report                            *
=========================================================================

Partition Implementation Status
-------------------------------

  No Partitions were found in this design.

-------------------------------

=========================================================================
*                            Final Report                               *
=========================================================================
Final Results
RTL Top Level Output File Name     : alu.ngr
Top Level Output File Name         : alu
Output Format                      : NGC
Optimization Goal                  : Speed
Keep Hierarchy                     : No

Design Statistics
# IOs                              : 99

Cell Usage :
# BELS                             : 416
#      GND                         : 1
#      LUT2                        : 11
#      LUT3                        : 102
#      LUT4                        : 176
#      MUXCY                       : 38
#      MUXF5                       : 55
#      VCC                         : 1
#      XORCY                       : 32
# FlipFlops/Latches                : 32
#      LD                          : 32
# Clock Buffers                    : 1
#      BUFG                        : 1
# IO Buffers                       : 99
#      IBUF                        : 67
#      OBUF                        : 32
=========================================================================

Device utilization summary:
---------------------------

Selected Device : xa3s50vqg100-4 

 Number of Slices:                      156  out of    768    20%  
 Number of 4 input LUTs:                289  out of   1536    18%  
 Number of IOs:                          99
 Number of bonded IOBs:                  99  out of     63   157% (*) 
    IOB Flip Flops:                      32
 Number of GCLKs:                         1  out of      8    12%  

WARNING:Xst:1336 -  (*) More than 100% of Device resources are used

---------------------------
Partition Resource Summary:
---------------------------

  No Partitions were found in this design.

---------------------------


=========================================================================
TIMING REPORT

NOTE: THESE TIMING NUMBERS ARE ONLY A SYNTHESIS ESTIMATE.
      FOR ACCURATE TIMING INFORMATION PLEASE REFER TO THE TRACE REPORT
      GENERATED AFTER PLACE-and-ROUTE.

Clock Information:
------------------
-----------------------------------+------------------------+-------+
Clock Signal                       | Clock buffer(FF name)  | Load  |
-----------------------------------+------------------------+-------+
C_or00021(C_or00021:O)             | BUFG(*)(C_0)           | 32    |
-----------------------------------+------------------------+-------+
(*) This 1 clock signal(s) are generated by combinatorial logic,
and XST is not able to identify which are the primary clock signals.
Please use the CLOCK_SIGNAL constraint to specify the clock signal(s) generated by combinatorial logic.

Asynchronous Control Signals Information:
----------------------------------------
No asynchronous control signals found in this design

Timing Summary:
---------------
Speed Grade: -4

   Minimum period: No path found
   Minimum input arrival time before clock: 13.203ns
   Maximum output required time after clock: 7.078ns
   Maximum combinational path delay: No path found

Timing Detail:
--------------
All values displayed in nanoseconds (ns)

=========================================================================
Timing constraint: Default OFFSET IN BEFORE for Clock 'C_or00021'
  Total number of paths / destination ports: 11449 / 32
-------------------------------------------------------------------------
Offset:              13.203ns (Levels of Logic = 35)
  Source:            ALUOp<1> (PAD)
  Destination:       C_27 (LATCH)
  Destination Clock: C_or00021 falling

  Data Path: ALUOp<1> to C_27
                                Gate     Net
    Cell:in->out      fanout   Delay   Delay  Logical Name (Net Name)
    ----------------------------------------  ------------
     IBUF:I->O            66   0.821   2.243  ALUOp_1_IBUF (ALUOp_1_IBUF)
     LUT3:I1->O           33   0.551   1.927  C_mux00002 (C_mux0000)
     LUT3:I2->O            1   0.551   0.000  Maddsub_C_addsub0000_lut<0> (Maddsub_C_addsub0000_lut<0>)
     MUXCY:S->O            1   0.500   0.000  Maddsub_C_addsub0000_cy<0> (Maddsub_C_addsub0000_cy<0>)
     MUXCY:CI->O           1   0.064   0.000  Maddsub_C_addsub0000_cy<1> (Maddsub_C_addsub0000_cy<1>)
     MUXCY:CI->O           1   0.064   0.000  Maddsub_C_addsub0000_cy<2> (Maddsub_C_addsub0000_cy<2>)
     MUXCY:CI->O           1   0.064   0.000  Maddsub_C_addsub0000_cy<3> (Maddsub_C_addsub0000_cy<3>)
     MUXCY:CI->O           1   0.064   0.000  Maddsub_C_addsub0000_cy<4> (Maddsub_C_addsub0000_cy<4>)
     MUXCY:CI->O           1   0.064   0.000  Maddsub_C_addsub0000_cy<5> (Maddsub_C_addsub0000_cy<5>)
     MUXCY:CI->O           1   0.064   0.000  Maddsub_C_addsub0000_cy<6> (Maddsub_C_addsub0000_cy<6>)
     MUXCY:CI->O           1   0.064   0.000  Maddsub_C_addsub0000_cy<7> (Maddsub_C_addsub0000_cy<7>)
     MUXCY:CI->O           1   0.064   0.000  Maddsub_C_addsub0000_cy<8> (Maddsub_C_addsub0000_cy<8>)
     MUXCY:CI->O           1   0.064   0.000  Maddsub_C_addsub0000_cy<9> (Maddsub_C_addsub0000_cy<9>)
     MUXCY:CI->O           1   0.064   0.000  Maddsub_C_addsub0000_cy<10> (Maddsub_C_addsub0000_cy<10>)
     MUXCY:CI->O           1   0.064   0.000  Maddsub_C_addsub0000_cy<11> (Maddsub_C_addsub0000_cy<11>)
     MUXCY:CI->O           1   0.064   0.000  Maddsub_C_addsub0000_cy<12> (Maddsub_C_addsub0000_cy<12>)
     MUXCY:CI->O           1   0.064   0.000  Maddsub_C_addsub0000_cy<13> (Maddsub_C_addsub0000_cy<13>)
     MUXCY:CI->O           1   0.064   0.000  Maddsub_C_addsub0000_cy<14> (Maddsub_C_addsub0000_cy<14>)
     MUXCY:CI->O           1   0.064   0.000  Maddsub_C_addsub0000_cy<15> (Maddsub_C_addsub0000_cy<15>)
     MUXCY:CI->O           1   0.064   0.000  Maddsub_C_addsub0000_cy<16> (Maddsub_C_addsub0000_cy<16>)
     MUXCY:CI->O           1   0.064   0.000  Maddsub_C_addsub0000_cy<17> (Maddsub_C_addsub0000_cy<17>)
     MUXCY:CI->O           1   0.064   0.000  Maddsub_C_addsub0000_cy<18> (Maddsub_C_addsub0000_cy<18>)
     MUXCY:CI->O           1   0.064   0.000  Maddsub_C_addsub0000_cy<19> (Maddsub_C_addsub0000_cy<19>)
     MUXCY:CI->O           1   0.064   0.000  Maddsub_C_addsub0000_cy<20> (Maddsub_C_addsub0000_cy<20>)
     MUXCY:CI->O           1   0.064   0.000  Maddsub_C_addsub0000_cy<21> (Maddsub_C_addsub0000_cy<21>)
     MUXCY:CI->O           1   0.064   0.000  Maddsub_C_addsub0000_cy<22> (Maddsub_C_addsub0000_cy<22>)
     MUXCY:CI->O           1   0.064   0.000  Maddsub_C_addsub0000_cy<23> (Maddsub_C_addsub0000_cy<23>)
     MUXCY:CI->O           1   0.064   0.000  Maddsub_C_addsub0000_cy<24> (Maddsub_C_addsub0000_cy<24>)
     MUXCY:CI->O           1   0.064   0.000  Maddsub_C_addsub0000_cy<25> (Maddsub_C_addsub0000_cy<25>)
     MUXCY:CI->O           1   0.064   0.000  Maddsub_C_addsub0000_cy<26> (Maddsub_C_addsub0000_cy<26>)
     XORCY:CI->O           2   0.904   0.945  Maddsub_C_addsub0000_xor<27> (C_addsub0000<27>)
     LUT4:I2->O            1   0.551   0.000  ALUOp<2>_618 (ALUOp<2>_618)
     MUXF5:I1->O           2   0.360   1.072  ALUOp<2>_5_f5_17 (ALUOp<2>_5_f518)
     LUT2:I1->O            1   0.551   0.000  ALUOp<2>192 (ALUOp<2>191)
     MUXF5:I0->O           1   0.360   0.000  ALUOp<2>19_f5 (C_mux0001<27>)
     LD:D                      0.203          C_27
    ----------------------------------------
    Total                     13.203ns (7.016ns logic, 6.187ns route)
                                       (53.1% logic, 46.9% route)

=========================================================================
Timing constraint: Default OFFSET OUT AFTER for Clock 'C_or00021'
  Total number of paths / destination ports: 32 / 32
-------------------------------------------------------------------------
Offset:              7.078ns (Levels of Logic = 1)
  Source:            C_31 (LATCH)
  Destination:       C<31> (PAD)
  Source Clock:      C_or00021 falling

  Data Path: C_31 to C<31>
                                Gate     Net
    Cell:in->out      fanout   Delay   Delay  Logical Name (Net Name)
    ----------------------------------------  ------------
     LD:G->Q               1   0.633   0.801  C_31 (C_31)
     OBUF:I->O                 5.644          C_31_OBUF (C<31>)
    ----------------------------------------
    Total                      7.078ns (6.277ns logic, 0.801ns route)
                                       (88.7% logic, 11.3% route)

=========================================================================


Total REAL time to Xst completion: 4.00 secs
Total CPU time to Xst completion: 3.95 secs
 
--> 

Total memory usage is 267160 kilobytes

Number of errors   :    0 (   0 filtered)
Number of warnings :    3 (   0 filtered)
Number of infos    :    2 (   0 filtered)

